<?xml version="1.0" encoding="UTF-8"?>
<!-- Generated by org.testng.reporters.JUnitReportReporter -->
<testsuite hostname="DESKTOP-EV9AUJL" failures="0" tests="4" name="Api_Tests.UserTests2" time="8.139" errors="0" timestamp="2024-03-03T17:01:08 IST" skipped="0">
  <testcase classname="Api_Tests.UserTests2" name="testPostUser" time="4.570"/>
  <system-out/>
  <testcase classname="Api_Tests.UserTests2" name="testGetUser" time="1.216"/>
  <system-out/>
  <testcase classname="Api_Tests.UserTests2" name="testUpdateUser" time="1.177"/>
  <system-out/>
  <testcase classname="Api_Tests.UserTests2" name="testDeleteUser" time="1.176"/>
  <system-out/>
</testsuite> <!-- Api_Tests.UserTests2 -->
