<?xml version="1.0" encoding="UTF-8"?>
<!-- Generated by org.testng.reporters.JUnitReportReporter -->
<testsuite hostname="DESKTOP-EV9AUJL" failures="0" tests="12" name="Api_Tests.DataDrivenTest" time="16.808" errors="0" timestamp="2024-03-02T11:59:06 IST" skipped="0">
  <testcase classname="Api_Tests.DataDrivenTest" name="testPostUser" time="1.148"/>
  <system-out/>
  <testcase classname="Api_Tests.DataDrivenTest" name="testPostUser" time="4.460"/>
  <system-out/>
  <testcase classname="Api_Tests.DataDrivenTest" name="testPostUser" time="1.134"/>
  <system-out/>
  <testcase classname="Api_Tests.DataDrivenTest" name="testPostUser" time="1.173"/>
  <system-out/>
  <testcase classname="Api_Tests.DataDrivenTest" name="testGetUser" time="1.096"/>
  <system-out/>
  <testcase classname="Api_Tests.DataDrivenTest" name="testGetUser" time="1.114"/>
  <system-out/>
  <testcase classname="Api_Tests.DataDrivenTest" name="testGetUser" time="1.133"/>
  <system-out/>
  <testcase classname="Api_Tests.DataDrivenTest" name="testGetUser" time="1.118"/>
  <system-out/>
  <testcase classname="Api_Tests.DataDrivenTest" name="testDeleteUser" time="1.116"/>
  <system-out/>
  <testcase classname="Api_Tests.DataDrivenTest" name="testDeleteUser" time="1.113"/>
  <system-out/>
  <testcase classname="Api_Tests.DataDrivenTest" name="testDeleteUser" time="1.104"/>
  <system-out/>
  <testcase classname="Api_Tests.DataDrivenTest" name="testDeleteUser" time="1.099"/>
  <system-out/>
</testsuite> <!-- Api_Tests.DataDrivenTest -->
