<?xml version="1.0" encoding="UTF-8"?>
<!-- Generated by org.testng.reporters.JUnitReportReporter -->
<testsuite hostname="DESKTOP-EV9AUJL" failures="0" tests="4" name="Api_Tests.UserTests" time="7.561" errors="0" timestamp="2024-03-02T13:16:57 IST" skipped="0">
  <testcase classname="Api_Tests.UserTests" name="testPostUser" time="4.127"/>
  <system-out/>
  <testcase classname="Api_Tests.UserTests" name="testGetUser" time="1.173"/>
  <system-out/>
  <testcase classname="Api_Tests.UserTests" name="testUpdateUser" time="1.125"/>
  <system-out/>
  <testcase classname="Api_Tests.UserTests" name="testDeleteUser" time="1.136"/>
  <system-out/>
</testsuite> <!-- Api_Tests.UserTests -->
