<?xml version="1.0" encoding="UTF-8"?>
<!-- Generated by org.testng.reporters.JUnitReportReporter -->
<testsuite hostname="DESKTOP-EV9AUJL" failures="0" tests="4" name="Api_Tests.UserTests2" time="9.247" errors="0" timestamp="2024-03-05T13:13:37 IST" skipped="0">
  <testcase classname="Api_Tests.UserTests2" name="testPostUser" time="5.747"/>
  <system-out/>
  <testcase classname="Api_Tests.UserTests2" name="testGetUser" time="1.190"/>
  <system-out/>
  <testcase classname="Api_Tests.UserTests2" name="testUpdateUser" time="1.145"/>
  <system-out/>
  <testcase classname="Api_Tests.UserTests2" name="testDeleteUser" time="1.165"/>
  <system-out/>
</testsuite> <!-- Api_Tests.UserTests2 -->
